This is pdfTeX, Version 3.14159265-2.6-1.40.19 (MiKTeX 2.9.6840) (preloaded format=pdflatex 2019.7.17)  27 JUL 2019 10:46
entering extended mode
**./research_report_ncsa.tex
(research_report_ncsa.tex
LaTeX2e <2018-04-01> patch level 5

("/Users/swan.h/Library/Application Support/MiKTeX/texmfs/install/tex/latex/bas
e/article.cls"
Document Class: article 2014/09/29 v1.4h Standard LaTeX document class

("/Users/swan.h/Library/Application Support/MiKTeX/texmfs/install/tex/latex/bas
e/size10.clo"
File: size10.clo 2014/09/29 v1.4h Standard LaTeX file (size option)
)
\c@part=\count80
\c@section=\count81
\c@subsection=\count82
\c@subsubsection=\count83
\c@paragraph=\count84
\c@subparagraph=\count85
\c@figure=\count86
\c@table=\count87
\abovecaptionskip=\skip41
\belowcaptionskip=\skip42
\bibindent=\dimen102
)
("/Users/swan.h/Library/Application Support/MiKTeX/texmfs/install/tex/latex/geo
metry/geometry.sty"
Package: geometry 2018/04/16 v5.8 Page Geometry

("/Users/swan.h/Library/Application Support/MiKTeX/texmfs/install/tex/latex/gra
phics/keyval.sty"
Package: keyval 2014/10/28 v1.15 key=value parser (DPC)
\KV@toks@=\toks14
)
("/Users/swan.h/Library/Application Support/MiKTeX/texmfs/install/tex/generic/o
berdiek/ifpdf.sty"
Package: ifpdf 2018/09/07 v3.3 Provides the ifpdf switch
)
("/Users/swan.h/Library/Application Support/MiKTeX/texmfs/install/tex/generic/o
berdiek/ifvtex.sty"
Package: ifvtex 2016/05/16 v1.6 Detect VTeX and its facilities (HO)
Package ifvtex Info: VTeX not detected.
)
("/Users/swan.h/Library/Application Support/MiKTeX/texmfs/install/tex/generic/i
fxetex/ifxetex.sty"
Package: ifxetex 2010/09/12 v0.6 Provides ifxetex conditional
)
\Gm@cnth=\count88
\Gm@cntv=\count89
\c@Gm@tempcnt=\count90
\Gm@bindingoffset=\dimen103
\Gm@wd@mp=\dimen104
\Gm@odd@mp=\dimen105
\Gm@even@mp=\dimen106
\Gm@layoutwidth=\dimen107
\Gm@layoutheight=\dimen108
\Gm@layouthoffset=\dimen109
\Gm@layoutvoffset=\dimen110
\Gm@dimlist=\toks15

("/Users/swan.h/Library/Application Support/MiKTeX/texmfs/install/tex/latex/geo
metry/geometry.cfg"))
("/Users/swan.h/Library/Application Support/MiKTeX/texmfs/install/tex/latex/bas
e/inputenc.sty"
Package: inputenc 2018/04/06 v1.3b Input encoding file
\inpenc@prehook=\toks16
\inpenc@posthook=\toks17
)
("/Users/swan.h/Library/Application Support/MiKTeX/texmfs/install/tex/latex/lis
tings/listings.sty"
\lst@mode=\count91
\lst@gtempboxa=\box26
\lst@token=\toks18
\lst@length=\count92
\lst@currlwidth=\dimen111
\lst@column=\count93
\lst@pos=\count94
\lst@lostspace=\dimen112
\lst@width=\dimen113
\lst@newlines=\count95
\lst@lineno=\count96
\lst@maxwidth=\dimen114

("/Users/swan.h/Library/Application Support/MiKTeX/texmfs/install/tex/latex/lis
tings/lstmisc.sty"
File: lstmisc.sty 2019/02/27 1.8b (Carsten Heinz)
\c@lstnumber=\count97
\lst@skipnumbers=\count98
\lst@framebox=\box27
)
("/Users/swan.h/Library/Application Support/MiKTeX/texmfs/install/tex/latex/lis
tings/listings.cfg"
File: listings.cfg 2019/02/27 1.8b listings configuration
))
Package: listings 2019/02/27 1.8b (Carsten Heinz)

("/Users/swan.h/Library/Application Support/MiKTeX/texmfs/install/tex/latex/gra
phics/graphicx.sty"
Package: graphicx 2017/06/01 v1.1a Enhanced LaTeX Graphics (DPC,SPQR)

("/Users/swan.h/Library/Application Support/MiKTeX/texmfs/install/tex/latex/gra
phics/graphics.sty"
Package: graphics 2017/06/25 v1.2c Standard LaTeX Graphics (DPC,SPQR)

("/Users/swan.h/Library/Application Support/MiKTeX/texmfs/install/tex/latex/gra
phics/trig.sty"
Package: trig 2016/01/03 v1.10 sin cos tan (DPC)
)
("/Users/swan.h/Library/Application Support/MiKTeX/texmfs/install/tex/latex/gra
phics-cfg/graphics.cfg"
File: graphics.cfg 2016/06/04 v1.11 sample graphics configuration
)
Package graphics Info: Driver file: pdftex.def on input line 99.

("/Users/swan.h/Library/Application Support/MiKTeX/texmfs/install/tex/latex/gra
phics-def/pdftex.def"
File: pdftex.def 2018/01/08 v1.0l Graphics/color driver for pdftex
))
\Gin@req@height=\dimen115
\Gin@req@width=\dimen116
)
("/Users/swan.h/Library/Application Support/MiKTeX/texmfs/install/tex/latex/pgf
/utilities/pgffor.sty"
("/Users/swan.h/Library/Application Support/MiKTeX/texmfs/install/tex/latex/pgf
/utilities/pgfrcs.sty"
("/Users/swan.h/Library/Application Support/MiKTeX/texmfs/install/tex/generic/p
gf/utilities/pgfutil-common.tex"
\pgfutil@everybye=\toks19
\pgfutil@tempdima=\dimen117
\pgfutil@tempdimb=\dimen118

("/Users/swan.h/Library/Application Support/MiKTeX/texmfs/install/tex/generic/p
gf/utilities/pgfutil-common-lists.tex"))
("/Users/swan.h/Library/Application Support/MiKTeX/texmfs/install/tex/generic/p
gf/utilities/pgfutil-latex.def"
\pgfutil@abb=\box28

("/Users/swan.h/Library/Application Support/MiKTeX/texmfs/install/tex/latex/ms/
everyshi.sty"
Package: everyshi 2001/05/15 v3.00 EveryShipout Package (MS)
))
("/Users/swan.h/Library/Application Support/MiKTeX/texmfs/install/tex/generic/p
gf/utilities/pgfrcs.code.tex"
("/Users/swan.h/Library/Application Support/MiKTeX/texmfs/install/tex/generic/p
gf/pgf.revision.tex")
Package: pgfrcs 2019/05/09 v3.1.3 (3.1.3)
))
("/Users/swan.h/Library/Application Support/MiKTeX/texmfs/install/tex/latex/pgf
/utilities/pgfkeys.sty"
("/Users/swan.h/Library/Application Support/MiKTeX/texmfs/install/tex/generic/p
gf/utilities/pgfkeys.code.tex"
\pgfkeys@pathtoks=\toks20
\pgfkeys@temptoks=\toks21

("/Users/swan.h/Library/Application Support/MiKTeX/texmfs/install/tex/generic/p
gf/utilities/pgfkeysfiltered.code.tex"
\pgfkeys@tmptoks=\toks22
)))
("/Users/swan.h/Library/Application Support/MiKTeX/texmfs/install/tex/latex/pgf
/math/pgfmath.sty"
("/Users/swan.h/Library/Application Support/MiKTeX/texmfs/install/tex/generic/p
gf/math/pgfmath.code.tex"
("/Users/swan.h/Library/Application Support/MiKTeX/texmfs/install/tex/generic/p
gf/math/pgfmathcalc.code.tex"
("/Users/swan.h/Library/Application Support/MiKTeX/texmfs/install/tex/generic/p
gf/math/pgfmathutil.code.tex"
\pgf@x=\dimen119
\pgf@xa=\dimen120
\pgf@xb=\dimen121
\pgf@xc=\dimen122
\pgf@y=\dimen123
\pgf@ya=\dimen124
\pgf@yb=\dimen125
\pgf@yc=\dimen126
\c@pgf@counta=\count99
\c@pgf@countb=\count100
\c@pgf@countc=\count101
\c@pgf@countd=\count102
)
("/Users/swan.h/Library/Application Support/MiKTeX/texmfs/install/tex/generic/p
gf/math/pgfmathparser.code.tex"
\pgfmath@dimen=\dimen127
\pgfmath@count=\count103
\pgfmath@box=\box29
\pgfmath@toks=\toks23
\pgfmath@stack@operand=\toks24
\pgfmath@stack@operation=\toks25
)
("/Users/swan.h/Library/Application Support/MiKTeX/texmfs/install/tex/generic/p
gf/math/pgfmathfunctions.code.tex"
("/Users/swan.h/Library/Application Support/MiKTeX/texmfs/install/tex/generic/p
gf/math/pgfmathfunctions.basic.code.tex")
("/Users/swan.h/Library/Application Support/MiKTeX/texmfs/install/tex/generic/p
gf/math/pgfmathfunctions.trigonometric.code.tex")
("/Users/swan.h/Library/Application Support/MiKTeX/texmfs/install/tex/generic/p
gf/math/pgfmathfunctions.random.code.tex")
("/Users/swan.h/Library/Application Support/MiKTeX/texmfs/install/tex/generic/p
gf/math/pgfmathfunctions.comparison.code.tex")
("/Users/swan.h/Library/Application Support/MiKTeX/texmfs/install/tex/generic/p
gf/math/pgfmathfunctions.base.code.tex")
("/Users/swan.h/Library/Application Support/MiKTeX/texmfs/install/tex/generic/p
gf/math/pgfmathfunctions.round.code.tex")
("/Users/swan.h/Library/Application Support/MiKTeX/texmfs/install/tex/generic/p
gf/math/pgfmathfunctions.misc.code.tex")
("/Users/swan.h/Library/Application Support/MiKTeX/texmfs/install/tex/generic/p
gf/math/pgfmathfunctions.integerarithmetics.code.tex")))
("/Users/swan.h/Library/Application Support/MiKTeX/texmfs/install/tex/generic/p
gf/math/pgfmathfloat.code.tex"
\c@pgfmathroundto@lastzeros=\count104
)))
("/Users/swan.h/Library/Application Support/MiKTeX/texmfs/install/tex/generic/p
gf/utilities/pgffor.code.tex"
Package: pgffor 2019/05/09 v3.1.3 (3.1.3)

("/Users/swan.h/Library/Application Support/MiKTeX/texmfs/install/tex/generic/p
gf/math/pgfmath.code.tex")
\pgffor@iter=\dimen128
\pgffor@skip=\dimen129
\pgffor@stack=\toks26
\pgffor@toks=\toks27
))
("/Users/swan.h/Library/Application Support/MiKTeX/texmfs/install/tex/latex/flo
at/float.sty"
Package: float 2001/11/08 v1.3d Float enhancements (AL)
\c@float@type=\count105
\float@exts=\toks28
\float@box=\box30
\@float@everytoks=\toks29
\@floatcapt=\box31
)
("/Users/swan.h/Library/Application Support/MiKTeX/texmfs/install/tex/latex/fan
cyhdr/fancyhdr.sty"
Package: fancyhdr 2019/01/31 v3.10 Extensive control of page headers and footer
s
\f@nch@headwidth=\skip43
\f@nch@O@elh=\skip44
\f@nch@O@erh=\skip45
\f@nch@O@olh=\skip46
\f@nch@O@orh=\skip47
\f@nch@O@elf=\skip48
\f@nch@O@erf=\skip49
\f@nch@O@olf=\skip50
\f@nch@O@orf=\skip51
)
("/Users/swan.h/Library/Application Support/MiKTeX/texmfs/install/tex/latex/tit
ling/titling.sty"
Package: titling 2009/09/04 v2.1d maketitle typesetting
\thanksmarkwidth=\skip52
\thanksmargin=\skip53
\droptitle=\skip54
)
("/Users/swan.h/Library/Application Support/MiKTeX/texmfs/install/tex/latex/hyp
erref/hyperref.sty"
Package: hyperref 2018/11/30 v6.88e Hypertext links for LaTeX

("/Users/swan.h/Library/Application Support/MiKTeX/texmfs/install/tex/generic/o
berdiek/hobsub-hyperref.sty"
Package: hobsub-hyperref 2016/05/16 v1.14 Bundle oberdiek, subset hyperref (HO)


("/Users/swan.h/Library/Application Support/MiKTeX/texmfs/install/tex/generic/o
berdiek/hobsub-generic.sty"
Package: hobsub-generic 2016/05/16 v1.14 Bundle oberdiek, subset generic (HO)
Package: hobsub 2016/05/16 v1.14 Construct package bundles (HO)
Package: infwarerr 2016/05/16 v1.4 Providing info/warning/error messages (HO)
Package: ltxcmds 2016/05/16 v1.23 LaTeX kernel commands for general use (HO)
Package: ifluatex 2016/05/16 v1.4 Provides the ifluatex switch (HO)
Package ifluatex Info: LuaTeX not detected.
Package hobsub Info: Skipping package `ifvtex' (already loaded).
Package: intcalc 2016/05/16 v1.2 Expandable calculations with integers (HO)
Package hobsub Info: Skipping package `ifpdf' (already loaded).
Package: etexcmds 2016/05/16 v1.6 Avoid name clashes with e-TeX commands (HO)
Package etexcmds Info: Could not find \expanded.
(etexcmds)             That can mean that you are not using pdfTeX 1.50 or
(etexcmds)             that some package has redefined \expanded.
(etexcmds)             In the latter case, load this package earlier.
Package: kvsetkeys 2016/05/16 v1.17 Key value parser (HO)
Package: kvdefinekeys 2016/05/16 v1.4 Define keys (HO)
Package: pdftexcmds 2018/09/10 v0.29 Utility functions of pdfTeX for LuaTeX (HO
)
Package pdftexcmds Info: LuaTeX not detected.
Package pdftexcmds Info: \pdf@primitive is available.
Package pdftexcmds Info: \pdf@ifprimitive is available.
Package pdftexcmds Info: \pdfdraftmode found.
Package: pdfescape 2016/05/16 v1.14 Implements pdfTeX's escape features (HO)
Package: bigintcalc 2016/05/16 v1.4 Expandable calculations on big integers (HO
)
Package: bitset 2016/05/16 v1.2 Handle bit-vector datatype (HO)
Package: uniquecounter 2016/05/16 v1.3 Provide unlimited unique counter (HO)
)
Package hobsub Info: Skipping package `hobsub' (already loaded).
Package: letltxmacro 2016/05/16 v1.5 Let assignment for LaTeX macros (HO)
Package: hopatch 2016/05/16 v1.3 Wrapper for package hooks (HO)
Package: xcolor-patch 2016/05/16 xcolor patch
Package: atveryend 2016/05/16 v1.9 Hooks at the very end of document (HO)
Package atveryend Info: \enddocument detected (standard20110627).
Package: atbegshi 2016/06/09 v1.18 At begin shipout hook (HO)
Package: refcount 2016/05/16 v3.5 Data extraction from label references (HO)
Package: hycolor 2016/05/16 v1.8 Color options for hyperref/bookmark (HO)
)
("/Users/swan.h/Library/Application Support/MiKTeX/texmfs/install/tex/latex/obe
rdiek/auxhook.sty"
Package: auxhook 2016/05/16 v1.4 Hooks for auxiliary files (HO)
)
("/Users/swan.h/Library/Application Support/MiKTeX/texmfs/install/tex/latex/obe
rdiek/kvoptions.sty"
Package: kvoptions 2016/05/16 v3.12 Key value format for package options (HO)
)
\@linkdim=\dimen130
\Hy@linkcounter=\count106
\Hy@pagecounter=\count107

("/Users/swan.h/Library/Application Support/MiKTeX/texmfs/install/tex/latex/hyp
erref/pd1enc.def"
File: pd1enc.def 2018/11/30 v6.88e Hyperref: PDFDocEncoding definition (HO)
Now handling font encoding PD1 ...
... no UTF-8 mapping file for font encoding PD1
)
\Hy@SavedSpaceFactor=\count108

("/Users/swan.h/Library/Application Support/MiKTeX/texmfs/install/tex/latex/00m
iktex/hyperref.cfg"
File: hyperref.cfg 2002/06/06 v1.2 hyperref configuration of TeXLive
)
Package hyperref Info: Hyper figures OFF on input line 4519.
Package hyperref Info: Link nesting OFF on input line 4524.
Package hyperref Info: Hyper index ON on input line 4527.
Package hyperref Info: Plain pages OFF on input line 4534.
Package hyperref Info: Backreferencing OFF on input line 4539.
Package hyperref Info: Implicit mode ON; LaTeX internals redefined.
Package hyperref Info: Bookmarks ON on input line 4772.
\c@Hy@tempcnt=\count109

("/Users/swan.h/Library/Application Support/MiKTeX/texmfs/install/tex/latex/url
/url.sty"
\Urlmuskip=\muskip10
Package: url 2013/09/16  ver 3.4  Verb mode for urls, etc.
)
LaTeX Info: Redefining \url on input line 5125.
\XeTeXLinkMargin=\dimen131
\Fld@menulength=\count110
\Field@Width=\dimen132
\Fld@charsize=\dimen133
Package hyperref Info: Hyper figures OFF on input line 6380.
Package hyperref Info: Link nesting OFF on input line 6385.
Package hyperref Info: Hyper index ON on input line 6388.
Package hyperref Info: backreferencing OFF on input line 6395.
Package hyperref Info: Link coloring OFF on input line 6400.
Package hyperref Info: Link coloring with OCG OFF on input line 6405.
Package hyperref Info: PDF/A mode OFF on input line 6410.
LaTeX Info: Redefining \ref on input line 6450.
LaTeX Info: Redefining \pageref on input line 6454.
\Hy@abspage=\count111
\c@Item=\count112
\c@Hfootnote=\count113
)
Package hyperref Info: Driver (autodetected): hpdftex.

("/Users/swan.h/Library/Application Support/MiKTeX/texmfs/install/tex/latex/hyp
erref/hpdftex.def"
File: hpdftex.def 2018/11/30 v6.88e Hyperref driver for pdfTeX
\Fld@listcount=\count114
\c@bookmark@seq@number=\count115

("/Users/swan.h/Library/Application Support/MiKTeX/texmfs/install/tex/latex/obe
rdiek/rerunfilecheck.sty"
Package: rerunfilecheck 2016/05/16 v1.8 Rerun checks for auxiliary files (HO)
Package uniquecounter Info: New unique counter `rerunfilecheck' on input line 2
82.
)
\Hy@SectionHShift=\skip55
)
("/Users/swan.h/Library/Application Support/MiKTeX/texmfs/install/tex/latex/cap
tion/caption.sty"
Package: caption 2018/10/06 v3.3-154 Customizing captions (AR)

("/Users/swan.h/Library/Application Support/MiKTeX/texmfs/install/tex/latex/cap
tion/caption3.sty"
Package: caption3 2018/09/12 v1.8c caption3 kernel (AR)
Package caption3 Info: TeX engine: e-TeX on input line 64.
\captionmargin=\dimen134
\captionmargin@=\dimen135
\captionwidth=\dimen136
\caption@tempdima=\dimen137
\caption@indent=\dimen138
\caption@parindent=\dimen139
\caption@hangindent=\dimen140
)
\c@caption@flags=\count116
\c@ContinuedFloat=\count117
Package caption Info: float package is loaded.
Package caption Info: hyperref package is loaded.
Package caption Info: listings package is loaded.
)
("/Users/swan.h/Library/Application Support/MiKTeX/texmfs/install/tex/latex/sub
fig/subfig.sty"
Package: subfig 2005/06/28 ver: 1.3 subfig package
\c@KVtest=\count118
\sf@farskip=\skip56
\sf@captopadj=\dimen141
\sf@capskip=\skip57
\sf@nearskip=\skip58
\c@subfigure=\count119
\c@subfigure@save=\count120
\c@lofdepth=\count121
\c@subtable=\count122
\c@subtable@save=\count123
\c@lotdepth=\count124
\sf@top=\skip59
\sf@bottom=\skip60
)
("/Users/swan.h/Library/Application Support/MiKTeX/texmfs/install/tex/latex/ams
math/amsmath.sty"
Package: amsmath 2018/12/01 v2.17b AMS math features
\@mathmargin=\skip61

For additional information on amsmath, use the `?' option.

("/Users/swan.h/Library/Application Support/MiKTeX/texmfs/install/tex/latex/ams
math/amstext.sty"
Package: amstext 2000/06/29 v2.01 AMS text

("/Users/swan.h/Library/Application Support/MiKTeX/texmfs/install/tex/latex/ams
math/amsgen.sty"
File: amsgen.sty 1999/11/30 v2.0 generic functions
\@emptytoks=\toks30
\ex@=\dimen142
))
("/Users/swan.h/Library/Application Support/MiKTeX/texmfs/install/tex/latex/ams
math/amsbsy.sty"
Package: amsbsy 1999/11/29 v1.2d Bold Symbols
\pmbraise@=\dimen143
)
("/Users/swan.h/Library/Application Support/MiKTeX/texmfs/install/tex/latex/ams
math/amsopn.sty"
Package: amsopn 2016/03/08 v2.02 operator names
)
\inf@bad=\count125
LaTeX Info: Redefining \frac on input line 223.
\uproot@=\count126
\leftroot@=\count127
LaTeX Info: Redefining \overline on input line 385.
\classnum@=\count128
\DOTSCASE@=\count129
LaTeX Info: Redefining \ldots on input line 482.
LaTeX Info: Redefining \dots on input line 485.
LaTeX Info: Redefining \cdots on input line 606.
\Mathstrutbox@=\box32
\strutbox@=\box33
\big@size=\dimen144
LaTeX Font Info:    Redeclaring font encoding OML on input line 729.
LaTeX Font Info:    Redeclaring font encoding OMS on input line 730.
\macc@depth=\count130
\c@MaxMatrixCols=\count131
\dotsspace@=\muskip11
\c@parentequation=\count132
\dspbrk@lvl=\count133
\tag@help=\toks31
\row@=\count134
\column@=\count135
\maxfields@=\count136
\andhelp@=\toks32
\eqnshift@=\dimen145
\alignsep@=\dimen146
\tagshift@=\dimen147
\tagwidth@=\dimen148
\totwidth@=\dimen149
\lineht@=\dimen150
\@envbody=\toks33
\multlinegap=\skip62
\multlinetaggap=\skip63
\mathdisplay@stack=\toks34
LaTeX Info: Redefining \[ on input line 2844.
LaTeX Info: Redefining \] on input line 2845.
)

LaTeX Warning: Unused global option(s):
    [12ptr].

(research_report_ncsa.aux)
\openout1 = `research_report_ncsa.aux'.

LaTeX Font Info:    Checking defaults for OML/cmm/m/it on input line 23.
LaTeX Font Info:    ... okay on input line 23.
LaTeX Font Info:    Checking defaults for T1/cmr/m/n on input line 23.
LaTeX Font Info:    ... okay on input line 23.
LaTeX Font Info:    Checking defaults for OT1/cmr/m/n on input line 23.
LaTeX Font Info:    ... okay on input line 23.
LaTeX Font Info:    Checking defaults for OMS/cmsy/m/n on input line 23.
LaTeX Font Info:    ... okay on input line 23.
LaTeX Font Info:    Checking defaults for OMX/cmex/m/n on input line 23.
LaTeX Font Info:    ... okay on input line 23.
LaTeX Font Info:    Checking defaults for U/cmr/m/n on input line 23.
LaTeX Font Info:    ... okay on input line 23.
LaTeX Font Info:    Checking defaults for PD1/pdf/m/n on input line 23.
LaTeX Font Info:    ... okay on input line 23.

*geometry* driver: auto-detecting
*geometry* detected driver: pdftex
*geometry* verbose mode - [ preamble ] result:
* driver: pdftex
* paper: a4paper
* layout: <same size as paper>
* layoutoffset:(h,v)=(0.0pt,0.0pt)
* modes: 
* h-part:(L,W,R)=(85.35826pt, 426.79134pt, 85.35828pt)
* v-part:(T,H,B)=(71.13188pt, 702.78308pt, 71.13188pt)
* \paperwidth=597.50787pt
* \paperheight=845.04684pt
* \textwidth=426.79134pt
* \textheight=702.78308pt
* \oddsidemargin=13.08827pt
* \evensidemargin=13.08827pt
* \topmargin=-136.1381pt
* \headheight=110.0pt
* \headsep=25.0pt
* \topskip=10.0pt
* \footskip=30.0pt
* \marginparwidth=65.0pt
* \marginparsep=11.0pt
* \columnsep=10.0pt
* \skip\footins=9.0pt plus 4.0pt minus 2.0pt
* \hoffset=0.0pt
* \voffset=0.0pt
* \mag=1000
* \@twocolumnfalse
* \@twosidefalse
* \@mparswitchfalse
* \@reversemarginfalse
* (1in=72.27pt=25.4mm, 1cm=28.453pt)

\c@lstlisting=\count137

("/Users/swan.h/Library/Application Support/MiKTeX/texmfs/install/tex/context/b
ase/mkii/supp-pdf.mkii"
[Loading MPS to PDF converter (version 2006.09.02).]
\scratchcounter=\count138
\scratchdimen=\dimen151
\scratchbox=\box34
\nofMPsegments=\count139
\nofMParguments=\count140
\everyMPshowfont=\toks35
\MPscratchCnt=\count141
\MPscratchDim=\dimen152
\MPnumerator=\count142
\makeMPintoPDFobject=\count143
\everyMPtoPDFconversion=\toks36
)
("/Users/swan.h/Library/Application Support/MiKTeX/texmfs/install/tex/latex/obe
rdiek/epstopdf-base.sty"
Package: epstopdf-base 2016/05/15 v2.6 Base part for package epstopdf

("/Users/swan.h/Library/Application Support/MiKTeX/texmfs/install/tex/latex/obe
rdiek/grfext.sty"
Package: grfext 2016/05/16 v1.2 Manage graphics extensions (HO)
)
Package epstopdf-base Info: Redefining graphics rule for `.eps' on input line 4
38.
Package grfext Info: Graphics extension search list:
(grfext)             [.pdf,.png,.jpg,.mps,.jpeg,.jbig2,.jb2,.PDF,.PNG,.JPG,.JPE
G,.JBIG2,.JB2,.eps]
(grfext)             \AppendGraphicsExtensions on input line 456.
) ABD: EveryShipout initializing macros
\AtBeginShipoutBox=\box35
Package hyperref Info: Link coloring OFF on input line 23.

("/Users/swan.h/Library/Application Support/MiKTeX/texmfs/install/tex/latex/hyp
erref/nameref.sty"
Package: nameref 2016/05/21 v2.44 Cross-referencing by name of section

("/Users/swan.h/Library/Application Support/MiKTeX/texmfs/install/tex/generic/o
berdiek/gettitlestring.sty"
Package: gettitlestring 2016/05/16 v1.5 Cleanup title references (HO)
)
\c@section@level=\count144
)
LaTeX Info: Redefining \ref on input line 23.
LaTeX Info: Redefining \pageref on input line 23.
LaTeX Info: Redefining \nameref on input line 23.
 (research_report_ncsa.out)
(research_report_ncsa.out)
\@outlinefile=\write3
\openout3 = `research_report_ncsa.out'.

Package caption Info: Begin \AtBeginDocument code.
Package caption Info: subfig package v1.3 is loaded.
Package caption Info: End \AtBeginDocument code.
<fus400_64_first.pdf, id=43, 614.295pt x 588.24847pt>
File: fus400_64_first.pdf Graphic file (type pdf)
<use fus400_64_first.pdf>
Package pdftex.def Info: fus400_64_first.pdf  used on input line 35.
(pdftex.def)             Requested size: 170.71652pt x 163.47874pt.
<all_atom_fus1.pdf, id=44, 794.97pt x 614.295pt>
File: all_atom_fus1.pdf Graphic file (type pdf)
<use all_atom_fus1.pdf>
Package pdftex.def Info: all_atom_fus1.pdf  used on input line 37.
(pdftex.def)             Requested size: 199.16928pt x 153.90143pt.
 [1

{/Users/swan.h/Library/Application Support/MiKTeX/texmfs/data/pdftex/config/pdf
tex.map} <./fus400_64_first.pdf> <./all_atom_fus1.pdf, page is rotated 90 degre
es>] (research_report_ncsa.toc)
\tf@toc=\write4
\openout4 = `research_report_ncsa.toc'.

 [2]
Underfull \hbox (badness 10000) in paragraph at lines 56--57

 []


Underfull \hbox (badness 10000) in paragraph at lines 58--59

 []


Underfull \hbox (badness 10000) in paragraph at lines 60--61

 []

[3]
Underfull \hbox (badness 10000) in paragraph at lines 72--75

 []

<together_b.png, id=123, 845.1575pt x 394.97563pt>
File: together_b.png Graphic file (type png)
<use together_b.png>
Package pdftex.def Info: together_b.png  used on input line 80.
(pdftex.def)             Requested size: 433.62pt x 202.65231pt.

Overfull \hbox (6.82866pt too wide) in paragraph at lines 80--81
 [][] 
 []

[4 <./together_b.png>]
<fus350_first.pdf, id=136, 794.97pt x 614.295pt>
File: fus350_first.pdf Graphic file (type pdf)
<use fus350_first.pdf>
Package pdftex.def Info: fus350_first.pdf  used on input line 101.
(pdftex.def)             Requested size: 170.71652pt x 131.9115pt.
<fus350_8_last.pdf, id=137, 793.65643pt x 411.7306pt>
File: fus350_8_last.pdf Graphic file (type pdf)
<use fus350_8_last.pdf>
Package pdftex.def Info: fus350_8_last.pdf  used on input line 103.
(pdftex.def)             Requested size: 227.62204pt x 118.08577pt.
<fus450_first.pdf, id=138, 473.07208pt x 455.57712pt>
File: fus450_first.pdf Graphic file (type pdf)
<use fus450_first.pdf>
Package pdftex.def Info: fus450_first.pdf  used on input line 110.
(pdftex.def)             Requested size: 170.71652pt x 164.40387pt.
<fus440_end.pdf, id=139, 794.97pt x 614.295pt>
File: fus440_end.pdf Graphic file (type pdf)
<use fus440_end.pdf>
Package pdftex.def Info: fus440_end.pdf  used on input line 112.
(pdftex.def)             Requested size: 227.62204pt x 175.89137pt.
<fus350_density.pdf, id=140, 476.6488pt x 477.9148pt>
File: fus350_density.pdf Graphic file (type pdf)
<use fus350_density.pdf>
Package pdftex.def Info: fus350_density.pdf  used on input line 119.
(pdftex.def)             Requested size: 199.16928pt x 199.69461pt.
<fus450_8_den.pdf, id=141, 484.83165pt x 484.8242pt>
File: fus450_8_den.pdf Graphic file (type pdf)
<use fus450_8_den.pdf>
Package pdftex.def Info: fus450_8_den.pdf  used on input line 121.
(pdftex.def)             Requested size: 199.16928pt x 199.1639pt.
<transition.png, id=142, 420.6114pt x 315.8199pt>
File: transition.png Graphic file (type png)
<use transition.png>
Package pdftex.def Info: transition.png  used on input line 128.
(pdftex.def)             Requested size: 199.16928pt x 149.54375pt.
<fft.png, id=143, 420.6114pt x 310.761pt>
File: fft.png Graphic file (type png)
<use fft.png>
Package pdftex.def Info: fft.png  used on input line 130.
(pdftex.def)             Requested size: 199.16928pt x 147.1483pt.

Underfull \hbox (badness 2088) in paragraph at lines 130--130
[]\OT1/cmr/m/n/8 (b) |FFT of the density maps of the trajectory
 []


Underfull \hbox (badness 3919) in paragraph at lines 130--130
\OT1/cmr/m/n/8 data obtained from 8 ARBD simulations at 8
 []

<contacts.png, id=144, 722.7pt x 463.2507pt>
File: contacts.png Graphic file (type png)
<use contacts.png>
Package pdftex.def Info: contacts.png  used on input line 137.
(pdftex.def)             Requested size: 227.62204pt x 145.90353pt.
<all_atom_arg_tyr6.pdf, id=145, 567.87437pt x 488.27733pt>
File: all_atom_arg_tyr6.pdf Graphic file (type pdf)
<use all_atom_arg_tyr6.pdf>
Package pdftex.def Info: all_atom_arg_tyr6.pdf  used on input line 139.
(pdftex.def)             Requested size: 170.71652pt x 146.7898pt.

Underfull \hbox (badness 4266) in paragraph at lines 139--139
\OT1/cmr/m/n/8 are highlighted using blue and magenta,
 []

[5 <./fus350_first.pdf, page is rotated 90 degrees> <./fus350_8_last.pdf, page 
is rotated 90 degrees> <./fus450_first.pdf, page is rotated 90 degrees> <./fus4
40_end.pdf, page is rotated 90 degrees>]
Overfull \hbox (4.69904pt too wide) in paragraph at lines 150--152
\OT1/cmr/m/n/10 caused by the condensation into a dense phase [[]]. LLPS is dri
ven by the exchange of macromolecule/
 []


Overfull \hbox (1.95941pt too wide) in paragraph at lines 150--152
\OT1/cmr/m/n/10 water interactions for macromolecule/macromolecule and water/wa
ter interactions under conditions
 []


Underfull \hbox (badness 10000) in paragraph at lines 150--152

 []


Underfull \hbox (badness 10000) in paragraph at lines 155--156

 []

[6 <./fus350_density.pdf> <./fus450_8_den.pdf> <./transition.png> <./fft.png>]
Overfull \hbox (10.089pt too wide) in paragraph at lines 157--158
\OT1/cmr/m/n/10 spaced wave lengths and hence, a large wavenumber. On the other
 hand, if the system is homogeneous,
 []


Underfull \hbox (badness 10000) in paragraph at lines 157--158

 []


Underfull \hbox (badness 10000) in paragraph at lines 159--160

 []


Underfull \hbox (badness 10000) in paragraph at lines 161--162

 []

[7 <./contacts.png> <./all_atom_arg_tyr6.pdf, page is rotated 90 degrees>]
Overfull \hbox (0.68051pt too wide) in paragraph at lines 168--169
\OT1/cmr/m/n/10 concentration threshold for the LLPS process, akin to how we de
termined the temperature threshold
 []

[8] (research_report_ncsa.bbl) [9]
Package atveryend Info: Empty hook `BeforeClearDocument' on input line 184.
Package atveryend Info: Empty hook `AfterLastShipout' on input line 184.
 (research_report_ncsa.aux)
Package atveryend Info: Executing hook `AtVeryEndDocument' on input line 184.
Package atveryend Info: Executing hook `AtEndAfterFileList' on input line 184.
Package rerunfilecheck Info: File `research_report_ncsa.out' has not changed.
(rerunfilecheck)             Checksum: E3170038F5B0B5FD42D02687932C266E;544.
Package atveryend Info: Empty hook `AtVeryVeryEnd' on input line 184.
 ) 
Here is how much of TeX's memory you used:
 14084 strings out of 494889
 246044 string characters out of 3176897
 314546 words of memory out of 3000000
 17478 multiletter control sequences out of 15000+200000
 9974 words of font info for 36 fonts, out of 3000000 for 9000
 0 hyphenation exceptions out of 8191
 40i,9n,49p,1269b,440s stack positions out of 5000i,500n,10000p,200000b,50000s
</Users/swan.h/Library/Application Support/MiKTeX/texmfs/install/fonts/type1/
public/amsfonts/cm/cmbx10.pfb></Users/swan.h/Library/Application Support/MiKTeX
/texmfs/install/fonts/type1/public/amsfonts/cm/cmbx12.pfb></Users/swan.h/Librar
y/Application Support/MiKTeX/texmfs/install/fonts/type1/public/amsfonts/cm/cmmi
10.pfb></Users/swan.h/Library/Application Support/MiKTeX/texmfs/install/fonts/t
ype1/public/amsfonts/cm/cmmi7.pfb></Users/swan.h/Library/Application Support/Mi
KTeX/texmfs/install/fonts/type1/public/amsfonts/cm/cmmi8.pfb></Users/swan.h/Lib
rary/Application Support/MiKTeX/texmfs/install/fonts/type1/public/amsfonts/cm/c
mmi9.pfb></Users/swan.h/Library/Application Support/MiKTeX/texmfs/install/fonts
/type1/public/amsfonts/cm/cmr10.pfb></Users/swan.h/Library/Application Support/
MiKTeX/texmfs/install/fonts/type1/public/amsfonts/cm/cmr12.pfb></Users/swan.h/L
ibrary/Application Support/MiKTeX/texmfs/install/fonts/type1/public/amsfonts/cm
/cmr6.pfb></Users/swan.h/Library/Application Support/MiKTeX/texmfs/install/font
s/type1/public/amsfonts/cm/cmr8.pfb></Users/swan.h/Library/Application Support/
MiKTeX/texmfs/install/fonts/type1/public/amsfonts/cm/cmr9.pfb></Users/swan.h/Li
brary/Application Support/MiKTeX/texmfs/install/fonts/type1/public/amsfonts/cm/
cmsy10.pfb></Users/swan.h/Library/Application Support/MiKTeX/texmfs/install/fon
ts/type1/public/amsfonts/cm/cmti10.pfb>
Output written on research_report_ncsa.pdf (9 pages, 5353299 bytes).
PDF statistics:
 338 PDF objects out of 1000 (max. 8388607)
 47 named destinations out of 1000 (max. 500000)
 146 words of extra memory for PDF output out of 10000 (max. 10000000)

